<?xml version="1.0" encoding="UTF-8"?>
<testsuite xmlns:xsi="http://www.w3.org/2001/XMLSchema-instance" xsi:noNamespaceSchemaLocation="https://maven.apache.org/surefire/maven-surefire-plugin/xsd/surefire-test-report.xsd" version="3.0.2" name="TestSuite" time="20.203" tests="1" errors="0" skipped="0" failures="0">
  <properties>
[...]
</properties>
  <testcase name="validatePolicyCount" classname="coverFoxTest.TC_123_CoverFox_ValidateBannnerCount" time="0.098">
    <system-out><![CDATA[Launch Browser
waiting...
 INFO [main] (TC_123_CoverFox_ValidateBannnerCount.java:47)- Launching browser
Click on gender button...
 INFO [main] (TC_123_CoverFox_ValidateBannnerCount.java:63)- Clicking on Gender button 
click on next button...
 INFO [main] (TC_123_CoverFox_ValidateBannnerCount.java:66)- Clicking on Next button 
 WARN [main] (TC_123_CoverFox_ValidateBannnerCount.java:68)- Select valid AgeGroup
Handling age dropDown...
 INFO [main] (TC_123_CoverFox_ValidateBannnerCount.java:70)- Handling dropdown 
click on next button...
 INFO [main] (TC_123_CoverFox_ValidateBannnerCount.java:72)- Clicking on Next button 
 WARN [main] (TC_123_CoverFox_ValidateBannnerCount.java:75)- Enter valid PinCode
Enter a pinCode
 INFO [main] (TC_123_CoverFox_ValidateBannnerCount.java:77)- Enter pinCode 
 WARN [main] (TC_123_CoverFox_ValidateBannnerCount.java:78)- Enter valid mobile number
Enter the mobile number...
 INFO [main] (TC_123_CoverFox_ValidateBannnerCount.java:81)- Enter mobile no 
ERROR [main] (TC_123_CoverFox_ValidateBannnerCount.java:82)- Incorrect information
Click on continue button.... 
 INFO [main] (TC_123_CoverFox_ValidateBannnerCount.java:84)- Clicking on Continue button 
Getting policy count from text Result...
Getting count from Banner...
TCvalidatePolicyCountis passed
]]></system-out>
    <system-err><![CDATA[SLF4J(W): No SLF4J providers were found.
SLF4J(W): Defaulting to no-operation (NOP) logger implementation
SLF4J(W): See https://www.slf4j.org/codes.html#noProviders for further details.
ERROR StatusLogger Log4j2 could not find a logging implementation. Please add log4j-core to the classpath. Using SimpleLogger to log to the console...
]]></system-err>
  </testcase>
</testsuite>